<?xml version="1.0" encoding="UTF-8"?>
<testsuite name="PrimaTest" tests="1" skipped="0" failures="0" errors="0" timestamp="2019-12-19T21:31:38" hostname="LAPTOP-POHICFLC" time="0.013">
  <properties/>
  <testcase name="prima_c14" classname="PrimaTest" time="0.013"/>
  <system-out><![CDATA[No cumple requisitos
]]></system-out>
  <system-err><![CDATA[]]></system-err>
</testsuite>
